<?xml version="1.0" encoding="UTF-8"?>
<!-- Generated by org.testng.reporters.JUnitReportReporter -->
<testsuite hostname="Akanksha-Balodi" failures="0" tests="1" name="test_2.Test2" time="132.726" errors="0" timestamp="2022-08-10T16:59:30 IST" skipped="0">
  <testcase classname="test_2.Test2" name="test1" time="132.726"/>
  <system-out/>
</testsuite> <!-- test_2.Test2 -->
