<?xml version="1.0" encoding="UTF-8"?>
<!-- Generated by org.testng.reporters.JUnitReportReporter -->
<testsuite hostname="Akanksha-Balodi" failures="0" tests="1" name="test_2.Test2" time="143.366" errors="0" timestamp="2022-08-11T15:35:38 IST" skipped="0">
  <testcase classname="test_2.Test2" name="test1" time="143.366"/>
  <system-out/>
</testsuite> <!-- test_2.Test2 -->
