<?xml version="1.0" encoding="UTF-8"?>
<!-- Generated by org.testng.reporters.JUnitReportReporter -->
<testsuite hostname="Akanksha-Balodi" failures="0" tests="1" name="test_2.Test2" time="70.807" errors="0" timestamp="2022-08-09T00:01:03 IST" skipped="0">
  <testcase classname="test_2.Test2" name="test1" time="70.807"/>
  <system-out/>
</testsuite> <!-- test_2.Test2 -->
